<?xml version="1.0" encoding="UTF-8"?>
<Site BuildName="(empty)"
	BuildStamp="20240512-2055-Experimental"
	Name="riccrios-MACH-WX9"
	Generator="ctest-3.16.3"
	CompilerName="/usr/bin/c++"
	CompilerVersion="9.4.0"
	OSName="Linux"
	Hostname="riccrios-MACH-WX9"
	OSRelease="5.15.0-102-generic"
	OSVersion="#112~20.04.1-Ubuntu SMP Thu Mar 14 14:28:24 UTC 2024"
	OSPlatform="x86_64"
	Is64Bits="1"
	VendorString="GenuineIntel"
	VendorID="Intel Corporation"
	FamilyID="6"
	ModelID="142"
	ProcessorCacheSize="6144"
	NumberOfLogicalCPU="8"
	NumberOfPhysicalCPU="4"
	TotalVirtualMemory="2047"
	TotalPhysicalMemory="7687"
	LogicalProcessorsPerPhysical="2"
	ProcessorClockFrequency="1672.86"
	>
	<Testing>
		<StartDateTime>May 13 06:55 AEST</StartDateTime>
		<StartTestTime>1715547349</StartTestTime>
		<TestList/>
		<EndDateTime>May 13 06:55 AEST</EndDateTime>
		<EndTestTime>1715547349</EndTestTime>
		<ElapsedMinutes>0</ElapsedMinutes>
	</Testing>
</Site>
